I, [2022-04-13T07:48:00.398875 #22232]  INFO -- : Registered expected interaction GET /api/search?search=phil
D, [2022-04-13T07:48:00.398875 #22232] DEBUG -- : {
  "description": "a query for 'phil'",
  "providerState": "I have a person 'phil'",
  "request": {
    "method": "GET",
    "path": "/api/search",
    "query": {
      "search": [
        "phil"
      ]
    }
  },
  "response": {
    "status": 200,
    "headers": {
    },
    "body": [
      "phil1",
      "phil2",
      "phil3"
    ]
  }
}
I, [2022-04-13T07:48:00.429265 #22232]  INFO -- : Received request GET /api/search?search=phil
D, [2022-04-13T07:48:00.430266 #22232] DEBUG -- : {
  "path": "/api/search",
  "query": "search=phil",
  "method": "get",
  "headers": {
    "Accept": "*/*",
    "User-Agent": "node-fetch/1.0 (+https://github.com/bitinn/node-fetch)",
    "Accept-Encoding": "gzip,deflate",
    "Connection": "close",
    "Host": "127.0.0.1:63832",
    "Version": "HTTP/1.1"
  }
}
I, [2022-04-13T07:48:00.430266 #22232]  INFO -- : Found matching response for GET /api/search?search=phil
D, [2022-04-13T07:48:00.431303 #22232] DEBUG -- : {
  "status": 200,
  "headers": {
  },
  "body": [
    "phil1",
    "phil2",
    "phil3"
  ]
}
I, [2022-04-13T07:48:00.445636 #22232]  INFO -- : Verifying - interactions matched
I, [2022-04-13T07:48:00.460893 #22232]  INFO -- : Cleared interactions
I, [2022-04-13T07:48:00.476920 #22232]  INFO -- : Registered expected interaction GET /api/search?search=bob
D, [2022-04-13T07:48:00.477918 #22232] DEBUG -- : {
  "description": "a query for 'bob'",
  "providerState": "I have a person 'bob'",
  "request": {
    "method": "GET",
    "path": "/api/search",
    "query": {
      "search": [
        "bob"
      ]
    }
  },
  "response": {
    "status": 200,
    "headers": {
    },
    "body": [
      "bob1",
      "bob2",
      "bob3"
    ]
  }
}
I, [2022-04-13T07:48:00.492485 #22232]  INFO -- : Received request GET /api/search?search=bob
D, [2022-04-13T07:48:00.493494 #22232] DEBUG -- : {
  "path": "/api/search",
  "query": "search=bob",
  "method": "get",
  "headers": {
    "Accept": "*/*",
    "User-Agent": "node-fetch/1.0 (+https://github.com/bitinn/node-fetch)",
    "Accept-Encoding": "gzip,deflate",
    "Connection": "close",
    "Host": "127.0.0.1:63832",
    "Version": "HTTP/1.1"
  }
}
I, [2022-04-13T07:48:00.493494 #22232]  INFO -- : Found matching response for GET /api/search?search=bob
D, [2022-04-13T07:48:00.493494 #22232] DEBUG -- : {
  "status": 200,
  "headers": {
  },
  "body": [
    "bob1",
    "bob2",
    "bob3"
  ]
}
I, [2022-04-13T07:48:00.508514 #22232]  INFO -- : Verifying - interactions matched
I, [2022-04-13T07:48:00.523296 #22232]  INFO -- : Cleared interactions
I, [2022-04-13T07:48:00.539424 #22232]  INFO -- : Updating pact for EAccountsApi at C:/git/focuson/examples/focuson/search/pact/pacts/statement-eaccountsapi.json
I, [2022-04-13T07:48:00.545367 #22232]  INFO -- : *****************************************************************************
I, [2022-04-13T07:48:00.545367 #22232]  INFO -- : Updating existing file .C:/git/focuson/examples/focuson/search/pact/pacts/statement-eaccountsapi.json as pactfile_write_mode is :update
I, [2022-04-13T07:48:00.545367 #22232]  INFO -- : Only interactions defined in this test run will be updated.
I, [2022-04-13T07:48:00.545367 #22232]  INFO -- : As interactions are identified by description and provider state, pleased note that if either of these have changed, the old interactions won't be removed from the pact file until the specs are next run with :pactfile_write_mode => :overwrite.
I, [2022-04-13T07:48:00.545367 #22232]  INFO -- : *****************************************************************************
